# JRE version: Java(TM) SE Runtime Environment (8.0_151-b12) (build 1.8.0_151-b12)
# Java VM: Java HotSpot(TM) 64-Bit Server VM (25.151-b12 mixed mode windows-amd64 compressed oops)
Heap:
 PSYoungGen      total 143872K, used 6756K [0x00000000d5d80000, 0x00000000e7580000, 0x0000000100000000)
  eden space 132608K, 0% used [0x00000000d5d80000,0x00000000d5d80000,0x00000000ddf00000)
  from space 11264K, 59% used [0x00000000ddf00000,0x00000000de5991f0,0x00000000dea00000)
  to   space 10752K, 0% used [0x00000000e6b00000,0x00000000e6b00000,0x00000000e7580000)
 ParOldGen       total 87552K, used 13029K [0x0000000081800000, 0x0000000086d80000, 0x00000000d5d80000)
  object space 87552K, 14% used [0x0000000081800000,0x00000000824b9700,0x0000000086d80000)
 Metaspace       used 20705K, capacity 21198K, committed 21296K, reserved 1069056K
  class space    used 2463K, capacity 2586K, committed 2608K, reserved 1048576K
GC Heap History (10 events):
Event: 2.886 GC heap after
Heap after GC invocations=3 (full 0):
 PSYoungGen      total 38400K, used 5117K [0x00000000d5d80000, 0x00000000da880000, 0x0000000100000000)
  eden space 33280K, 0% used [0x00000000d5d80000,0x00000000d5d80000,0x00000000d7e00000)
  from space 5120K, 99% used [0x00000000d7e00000,0x00000000d82ff428,0x00000000d8300000)
  to   space 5120K, 0% used [0x00000000da380000,0x00000000da380000,0x00000000da880000)
 ParOldGen       total 87552K, used 3840K [0x0000000081800000, 0x0000000086d80000, 0x00000000d5d80000)
  object space 87552K, 4% used [0x0000000081800000,0x0000000081bc02a8,0x0000000086d80000)
 Metaspace       used 15214K, capacity 15492K, committed 15872K, reserved 1062912K
  class space    used 1871K, capacity 1973K, committed 2048K, reserved 1048576K
}
Event: 3.594 GC heap before
{Heap before GC invocations=4 (full 0):
 PSYoungGen      total 38400K, used 38397K [0x00000000d5d80000, 0x00000000da880000, 0x0000000100000000)
  eden space 33280K, 100% used [0x00000000d5d80000,0x00000000d7e00000,0x00000000d7e00000)
  from space 5120K, 99% used [0x00000000d7e00000,0x00000000d82ff428,0x00000000d8300000)
  to   space 5120K, 0% used [0x00000000da380000,0x00000000da380000,0x00000000da880000)
 ParOldGen       total 87552K, used 3840K [0x0000000081800000, 0x0000000086d80000, 0x00000000d5d80000)
  object space 87552K, 4% used [0x0000000081800000,0x0000000081bc02a8,0x0000000086d80000)
 Metaspace       used 16082K, capacity 16386K, committed 16640K, reserved 1064960K
  class space    used 1930K, capacity 2010K, committed 2048K, reserved 1048576K
Event: 3.601 GC heap after
Heap after GC invocations=4 (full 0):
 PSYoungGen      total 71680K, used 5112K [0x00000000d5d80000, 0x00000000da880000, 0x0000000100000000)
  eden space 66560K, 0% used [0x00000000d5d80000,0x00000000d5d80000,0x00000000d9e80000)
  from space 5120K, 99% used [0x00000000da380000,0x00000000da87e030,0x00000000da880000)
  to   space 5120K, 0% used [0x00000000d9e80000,0x00000000d9e80000,0x00000000da380000)
 ParOldGen       total 87552K, used 6909K [0x0000000081800000, 0x0000000086d80000, 0x00000000d5d80000)
  object space 87552K, 7% used [0x0000000081800000,0x0000000081ebf698,0x0000000086d80000)
 Metaspace       used 16082K, capacity 16386K, committed 16640K, reserved 1064960K
  class space    used 1930K, capacity 2010K, committed 2048K, reserved 1048576K
}
Event: 4.389 GC heap before
{Heap before GC invocations=5 (full 0):
 PSYoungGen      total 71680K, used 71672K [0x00000000d5d80000, 0x00000000da880000, 0x0000000100000000)
  eden space 66560K, 100% used [0x00000000d5d80000,0x00000000d9e80000,0x00000000d9e80000)
  from space 5120K, 99% used [0x00000000da380000,0x00000000da87e030,0x00000000da880000)
  to   space 5120K, 0% used [0x00000000d9e80000,0x00000000d9e80000,0x00000000da380000)
 ParOldGen       total 87552K, used 6909K [0x0000000081800000, 0x0000000086d80000, 0x00000000d5d80000)
  object space 87552K, 7% used [0x0000000081800000,0x0000000081ebf698,0x0000000086d80000)
 Metaspace       used 16588K, capacity 16938K, committed 17152K, reserved 1064960K
  class space    used 1948K, capacity 2016K, committed 2048K, reserved 1048576K
Event: 4.400 GC heap after
Heap after GC invocations=5 (full 0):
 PSYoungGen      total 71680K, used 5112K [0x00000000d5d80000, 0x00000000df480000, 0x0000000100000000)
  eden space 66560K, 0% used [0x00000000d5d80000,0x00000000d5d80000,0x00000000d9e80000)
  from space 5120K, 99% used [0x00000000d9e80000,0x00000000da37e030,0x00000000da380000)
  to   space 10752K, 0% used [0x00000000dea00000,0x00000000dea00000,0x00000000df480000)
 ParOldGen       total 87552K, used 11368K [0x0000000081800000, 0x0000000086d80000, 0x00000000d5d80000)
  object space 87552K, 12% used [0x0000000081800000,0x000000008231a2c0,0x0000000086d80000)
 Metaspace       used 16588K, capacity 16938K, committed 17152K, reserved 1064960K
  class space    used 1948K, capacity 2016K, committed 2048K, reserved 1048576K
}
Event: 7.960 GC heap before
{Heap before GC invocations=6 (full 0):
 PSYoungGen      total 71680K, used 71672K [0x00000000d5d80000, 0x00000000df480000, 0x0000000100000000)
  eden space 66560K, 100% used [0x00000000d5d80000,0x00000000d9e80000,0x00000000d9e80000)
  from space 5120K, 99% used [0x00000000d9e80000,0x00000000da37e030,0x00000000da380000)
  to   space 10752K, 0% used [0x00000000dea00000,0x00000000dea00000,0x00000000df480000)
 ParOldGen       total 87552K, used 11368K [0x0000000081800000, 0x0000000086d80000, 0x00000000d5d80000)
  object space 87552K, 12% used [0x0000000081800000,0x000000008231a2c0,0x0000000086d80000)
 Metaspace       used 18419K, capacity 18926K, committed 19200K, reserved 1067008K
  class space    used 2133K, capacity 2234K, committed 2304K, reserved 1048576K
Event: 7.972 GC heap after
Heap after GC invocations=6 (full 0):
 PSYoungGen      total 143360K, used 9276K [0x00000000d5d80000, 0x00000000df580000, 0x0000000100000000)
  eden space 132608K, 0% used [0x00000000d5d80000,0x00000000d5d80000,0x00000000ddf00000)
  from space 10752K, 86% used [0x00000000dea00000,0x00000000df30f058,0x00000000df480000)
  to   space 11264K, 0% used [0x00000000ddf00000,0x00000000ddf00000,0x00000000dea00000)
 ParOldGen       total 87552K, used 11376K [0x0000000081800000, 0x0000000086d80000, 0x00000000d5d80000)
  object space 87552K, 12% used [0x0000000081800000,0x000000008231c2c0,0x0000000086d80000)
 Metaspace       used 18419K, capacity 18926K, committed 19200K, reserved 1067008K
  class space    used 2133K, capacity 2234K, committed 2304K, reserved 1048576K
}
Event: 8.233 GC heap before
{Heap before GC invocations=7 (full 0):
 PSYoungGen      total 143360K, used 19886K [0x00000000d5d80000, 0x00000000df580000, 0x0000000100000000)
  eden space 132608K, 8% used [0x00000000d5d80000,0x00000000d67dcae8,0x00000000ddf00000)
  from space 10752K, 86% used [0x00000000dea00000,0x00000000df30f058,0x00000000df480000)
  to   space 11264K, 0% used [0x00000000ddf00000,0x00000000ddf00000,0x00000000dea00000)
 ParOldGen       total 87552K, used 11376K [0x0000000081800000, 0x0000000086d80000, 0x00000000d5d80000)
  object space 87552K, 12% used [0x0000000081800000,0x000000008231c2c0,0x0000000086d80000)
 Metaspace       used 20705K, capacity 21198K, committed 21296K, reserved 1069056K
  class space    used 2463K, capacity 2586K, committed 2608K, reserved 1048576K
Event: 8.246 GC heap after
Heap after GC invocations=7 (full 0):
 PSYoungGen      total 143872K, used 6756K [0x00000000d5d80000, 0x00000000e7580000, 0x0000000100000000)
  eden space 132608K, 0% used [0x00000000d5d80000,0x00000000d5d80000,0x00000000ddf00000)
  from space 11264K, 59% used [0x00000000ddf00000,0x00000000de5991f0,0x00000000dea00000)
  to   space 10752K, 0% used [0x00000000e6b00000,0x00000000e6b00000,0x00000000e7580000)
 ParOldGen       total 87552K, used 13029K [0x0000000081800000, 0x0000000086d80000, 0x00000000d5d80000)
  object space 87552K, 14% used [0x0000000081800000,0x00000000824b9700,0x0000000086d80000)
 Metaspace       used 20705K, capacity 21198K, committed 21296K, reserved 1069056K
  class space    used 2463K, capacity 2586K, committed 2608K, reserved 1048576K
}
Event: 8.246 GC heap before
{Heap before GC invocations=8 (full 1):
 PSYoungGen      total 143872K, used 6756K [0x00000000d5d80000, 0x00000000e7580000, 0x0000000100000000)
  eden space 132608K, 0% used [0x00000000d5d80000,0x00000000d5d80000,0x00000000ddf00000)
  from space 11264K, 59% used [0x00000000ddf00000,0x00000000de5991f0,0x00000000dea00000)
  to   space 10752K, 0% used [0x00000000e6b00000,0x00000000e6b00000,0x00000000e7580000)
 ParOldGen       total 87552K, used 13029K [0x0000000081800000, 0x0000000086d80000, 0x00000000d5d80000)
  object space 87552K, 14% used [0x0000000081800000,0x00000000824b9700,0x0000000086d80000)
 Metaspace       used 20705K, capacity 21198K, committed 21296K, reserved 1069056K
  class space    used 2463K, capacity 2586K, committed 2608K, reserved 1048576K

